<?xml version="1.0" encoding="UTF-8"?>
<!-- Generated by org.testng.reporters.JUnitXMLReporter -->
<testsuite ignored="0" hostname="DESKTOP-6BOO6SN" failures="0" tests="11" name="Default test" time="2.666" errors="0" timestamp="2024-05-12T00:05:26 IST">
  <testcase classname="com.testng.practice.RetryEx" name="test" time="0.281">
    <skipped/>
  </testcase> <!-- test -->
  <testcase classname="com.testng.practice.RetryEx" name="test" time="0.028">
    <skipped/>
  </testcase> <!-- test -->
  <testcase classname="com.testng.practice.RetryEx" name="test" time="0.027">
    <skipped/>
  </testcase> <!-- test -->
  <testcase classname="com.testng.practice.RetryEx" name="test" time="0.037">
    <skipped/>
  </testcase> <!-- test -->
  <testcase classname="com.testng.practice.RetryEx" name="test" time="0.037">
    <skipped/>
  </testcase> <!-- test -->
  <testcase classname="com.testng.practice.RetryEx" name="test" time="0.092">
    <skipped/>
  </testcase> <!-- test -->
  <testcase classname="com.testng.practice.RetryEx" name="test" time="0.09">
    <skipped/>
  </testcase> <!-- test -->
  <testcase classname="com.testng.practice.RetryEx" name="test" time="0.042">
    <skipped/>
  </testcase> <!-- test -->
  <testcase classname="com.testng.practice.RetryEx" name="test" time="0.014">
    <skipped/>
  </testcase> <!-- test -->
  <testcase classname="com.testng.practice.RetryEx" name="test" time="0.035">
    <skipped/>
  </testcase> <!-- test -->
  <testcase classname="com.testng.practice.RetryEx" name="test" time="0.132"/>
</testsuite> <!-- Default test -->
